<?xml version="1.0" encoding="UTF-8"?>
<testsuite name="pwjmavenpom"
           tests="3"
           failures="1"
           errors="0"
           skipped="2"
           time="2,903">
    <properties></properties>

            <testcase
                name="browserStart"
                time="2,903"
                classname="com.scrolltest.herokutests.HerokuPageTest">

            <failure type="java.lang.NullPointerException" message="Cannot invoke &quot;com.microsoft.playwright.BrowserType.launch(com.microsoft.playwright.BrowserType$LaunchOptions)&quot; because &quot;this.browserType&quot; is null">
                <![CDATA[java.lang.NullPointerException: Cannot invoke "com.microsoft.playwright.BrowserType.launch(com.microsoft.playwright.BrowserType$LaunchOptions)" because "this.browserType" is null
                com.scrolltest.herokutests.BaseTestClass2.launchPlaywright(BaseTestClass2.java:31)com.scrolltest.herokutests.HerokuPageTest.browserStart(HerokuPageTest.java:36)java.base/jdk.internal.reflect.NativeMethodAccessorImpl.invoke0(Native Method)java.base/jdk.internal.reflect.NativeMethodAccessorImpl.invoke(NativeMethodAccessorImpl.java:77)java.base/jdk.internal.reflect.DelegatingMethodAccessorImpl.invoke(DelegatingMethodAccessorImpl.java:43)java.base/java.lang.reflect.Method.invoke(Method.java:568)org.testng.internal.invokers.MethodInvocationHelper.invokeMethod(MethodInvocationHelper.java:135)org.testng.internal.invokers.MethodInvocationHelper.invokeMethodConsideringTimeout(MethodInvocationHelper.java:65)org.testng.internal.invokers.ConfigInvoker.invokeConfigurationMethod(ConfigInvoker.java:381)org.testng.internal.invokers.ConfigInvoker.invokeConfigurations(ConfigInvoker.java:319)org.testng.internal.invokers.TestMethodWorker.invokeBeforeClassMethods(TestMethodWorker.java:178)org.testng.internal.invokers.TestMethodWorker.run(TestMethodWorker.java:122)java.base/java.util.ArrayList.forEach(ArrayList.java:1511)org.testng.TestRunner.privateRun(TestRunner.java:808)org.testng.TestRunner.run(TestRunner.java:603)org.testng.SuiteRunner.runTest(SuiteRunner.java:429)org.testng.SuiteRunner.runSequentially(SuiteRunner.java:423)org.testng.SuiteRunner.privateRun(SuiteRunner.java:383)org.testng.SuiteRunner.run(SuiteRunner.java:326)org.testng.SuiteRunnerWorker.runSuite(SuiteRunnerWorker.java:52)org.testng.SuiteRunnerWorker.run(SuiteRunnerWorker.java:95)org.testng.TestNG.runSuitesSequentially(TestNG.java:1249)org.testng.TestNG.runSuitesLocally(TestNG.java:1169)org.testng.TestNG.runSuites(TestNG.java:1092)org.testng.TestNG.run(TestNG.java:1060)com.intellij.rt.testng.IDEARemoteTestNG.run(IDEARemoteTestNG.java:66)com.intellij.rt.testng.RemoteTestNGStarter.main(RemoteTestNGStarter.java:109)
]]>
            </failure>
    </testcase>

            <testcase
                name="browserClose"
                time="0.0"
                classname="com.scrolltest.herokutests.HerokuPageTest">
            </testcase>
            <testcase
                name="theTest"
                time="0.0"
                classname="com.scrolltest.herokutests.HerokuPageTest">
            </testcase>

</testsuite>
